core/build/intermediates/manifest_merge_blame_file/debug/processDebugMainManifest/manifest-merger-blame-debug-report.txt
1<?xml version="1.0" encoding="utf-8"?>
2<manifest xmlns:android="http://schemas.android.com/apk/res/android"
3    package="com.itis.core" >
4
5    <uses-sdk
6        android:minSdkVersion="26"
7        android:targetSdkVersion="35" />
8
9    <permission
9-->[androidx.core:core:1.15.0] AndroidManifest.xml:22:5-24:47
10        android:name="com.itis.core.DYNAMIC_RECEIVER_NOT_EXPORTED_PERMISSION"
10-->[androidx.core:core:1.15.0] AndroidManifest.xml:23:9-81
11        android:protectionLevel="signature" />
11-->[androidx.core:core:1.15.0] AndroidManifest.xml:24:9-44
12
13    <uses-permission android:name="com.itis.core.DYNAMIC_RECEIVER_NOT_EXPORTED_PERMISSION" />
13-->[androidx.core:core:1.15.0] AndroidManifest.xml:26:5-97
13-->[androidx.core:core:1.15.0] AndroidManifest.xml:26:22-94
14
15    <application
15-->src\main\AndroidManifest.xml:4:5-10:48
16        android:allowBackup="true"
16-->src\main\AndroidManifest.xml:5:9-35
17        android:appComponentFactory="androidx.core.app.CoreComponentFactory"
17-->[androidx.core:core:1.15.0] AndroidManifest.xml:28:18-86
18        android:debuggable="true"
19        android:extractNativeLibs="false"
20        android:icon="@mipmap/ic_launcher"
20-->src\main\AndroidManifest.xml:6:9-43
21        android:label="@string/app_name"
21-->src\main\AndroidManifest.xml:7:9-41
22        android:roundIcon="@mipmap/ic_launcher_round"
22-->src\main\AndroidManifest.xml:8:9-54
23        android:supportsRtl="true"
23-->src\main\AndroidManifest.xml:9:9-35
24        android:testOnly="true"
25        android:theme="@style/Theme.ProfitX" >
25-->src\main\AndroidManifest.xml:10:9-45
26        <provider
26-->[androidx.emoji2:emoji2:1.3.0] AndroidManifest.xml:24:9-32:20
27            android:name="androidx.startup.InitializationProvider"
27-->[androidx.emoji2:emoji2:1.3.0] AndroidManifest.xml:25:13-67
28            android:authorities="com.itis.core.androidx-startup"
28-->[androidx.emoji2:emoji2:1.3.0] AndroidManifest.xml:26:13-68
29            android:exported="false" >
29-->[androidx.emoji2:emoji2:1.3.0] AndroidManifest.xml:27:13-37
30            <meta-data
30-->[androidx.emoji2:emoji2:1.3.0] AndroidManifest.xml:29:13-31:52
31                android:name="androidx.emoji2.text.EmojiCompatInitializer"
31-->[androidx.emoji2:emoji2:1.3.0] AndroidManifest.xml:30:17-75
32                android:value="androidx.startup" />
32-->[androidx.emoji2:emoji2:1.3.0] AndroidManifest.xml:31:17-49
33            <meta-data
33-->[androidx.lifecycle:lifecycle-process:2.8.3] AndroidManifest.xml:29:13-31:52
34                android:name="androidx.lifecycle.ProcessLifecycleInitializer"
34-->[androidx.lifecycle:lifecycle-process:2.8.3] AndroidManifest.xml:30:17-78
35                android:value="androidx.startup" />
35-->[androidx.lifecycle:lifecycle-process:2.8.3] AndroidManifest.xml:31:17-49
36            <meta-data
36-->[androidx.profileinstaller:profileinstaller:1.3.1] AndroidManifest.xml:29:13-31:52
37                android:name="androidx.profileinstaller.ProfileInstallerInitializer"
37-->[androidx.profileinstaller:profileinstaller:1.3.1] AndroidManifest.xml:30:17-85
38                android:value="androidx.startup" />
38-->[androidx.profileinstaller:profileinstaller:1.3.1] AndroidManifest.xml:31:17-49
39        </provider>
40
41        <uses-library
41-->[androidx.window:window:1.3.0] AndroidManifest.xml:23:9-25:40
42            android:name="androidx.window.extensions"
42-->[androidx.window:window:1.3.0] AndroidManifest.xml:24:13-54
43            android:required="false" />
43-->[androidx.window:window:1.3.0] AndroidManifest.xml:25:13-37
44        <uses-library
44-->[androidx.window:window:1.3.0] AndroidManifest.xml:26:9-28:40
45            android:name="androidx.window.sidecar"
45-->[androidx.window:window:1.3.0] AndroidManifest.xml:27:13-51
46            android:required="false" />
46-->[androidx.window:window:1.3.0] AndroidManifest.xml:28:13-37
47
48        <activity
48-->[androidx.compose.ui:ui-tooling-android:1.7.6] AndroidManifest.xml:23:9-25:39
49            android:name="androidx.compose.ui.tooling.PreviewActivity"
49-->[androidx.compose.ui:ui-tooling-android:1.7.6] AndroidManifest.xml:24:13-71
50            android:exported="true" />
50-->[androidx.compose.ui:ui-tooling-android:1.7.6] AndroidManifest.xml:25:13-36
51
52        <receiver
52-->[androidx.profileinstaller:profileinstaller:1.3.1] AndroidManifest.xml:34:9-52:20
53            android:name="androidx.profileinstaller.ProfileInstallReceiver"
53-->[androidx.profileinstaller:profileinstaller:1.3.1] AndroidManifest.xml:35:13-76
54            android:directBootAware="false"
54-->[androidx.profileinstaller:profileinstaller:1.3.1] AndroidManifest.xml:36:13-44
55            android:enabled="true"
55-->[androidx.profileinstaller:profileinstaller:1.3.1] AndroidManifest.xml:37:13-35
56            android:exported="true"
56-->[androidx.profileinstaller:profileinstaller:1.3.1] AndroidManifest.xml:38:13-36
57            android:permission="android.permission.DUMP" >
57-->[androidx.profileinstaller:profileinstaller:1.3.1] AndroidManifest.xml:39:13-57
58            <intent-filter>
58-->[androidx.profileinstaller:profileinstaller:1.3.1] AndroidManifest.xml:40:13-42:29
59                <action android:name="androidx.profileinstaller.action.INSTALL_PROFILE" />
59-->[androidx.profileinstaller:profileinstaller:1.3.1] AndroidManifest.xml:41:17-91
59-->[androidx.profileinstaller:profileinstaller:1.3.1] AndroidManifest.xml:41:25-88
60            </intent-filter>
61            <intent-filter>
61-->[androidx.profileinstaller:profileinstaller:1.3.1] AndroidManifest.xml:43:13-45:29
62                <action android:name="androidx.profileinstaller.action.SKIP_FILE" />
62-->[androidx.profileinstaller:profileinstaller:1.3.1] AndroidManifest.xml:44:17-85
62-->[androidx.profileinstaller:profileinstaller:1.3.1] AndroidManifest.xml:44:25-82
63            </intent-filter>
64            <intent-filter>
64-->[androidx.profileinstaller:profileinstaller:1.3.1] AndroidManifest.xml:46:13-48:29
65                <action android:name="androidx.profileinstaller.action.SAVE_PROFILE" />
65-->[androidx.profileinstaller:profileinstaller:1.3.1] AndroidManifest.xml:47:17-88
65-->[androidx.profileinstaller:profileinstaller:1.3.1] AndroidManifest.xml:47:25-85
66            </intent-filter>
67            <intent-filter>
67-->[androidx.profileinstaller:profileinstaller:1.3.1] AndroidManifest.xml:49:13-51:29
68                <action android:name="androidx.profileinstaller.action.BENCHMARK_OPERATION" />
68-->[androidx.profileinstaller:profileinstaller:1.3.1] AndroidManifest.xml:50:17-95
68-->[androidx.profileinstaller:profileinstaller:1.3.1] AndroidManifest.xml:50:25-92
69            </intent-filter>
70        </receiver>
71    </application>
72
73</manifest>